Running: /opt/Xilinx/14.7/ISE_DS/ISE/bin/lin64/unwrapped/fuse -intstyle ise -incremental -o /home/so/Scrivania/Shift_register_Scructural/Shift_register_mod_tb_isim_beh.exe -prj /home/so/Scrivania/Shift_register_Scructural/Shift_register_mod_tb_beh.prj work.Shift_register_mod_tb 
ISim P.20131013 (signature 0xfbc00daa)
Number of CPUs detected in this system: 2
Turning on mult-threading, number of parallel sub-compilation jobs: 4 
Determining compilation order of HDL files
Parsing VHDL file "/home/so/Scrivania/Shift_register_Scructural/mux_2_1.vhd" into library work
Parsing VHDL file "/home/so/Scrivania/Shift_register_Scructural/D_FF.vhd" into library work
Parsing VHDL file "/home/so/Scrivania/Shift_register_Scructural/Shift_register.vhd" into library work
Parsing VHDL file "/home/so/Scrivania/Shift_register_Scructural/Counter.vhd" into library work
Parsing VHDL file "/home/so/Scrivania/Shift_register_Scructural/Shift_register_mod.vhd" into library work
Parsing VHDL file "/home/so/Scrivania/Shift_register_Scructural/Shift_register_mod_tb.vhd" into library work
Starting static elaboration
WARNING:HDLCompiler:1242 - "/build/xfndry10/P.20131013/rtf/vhdl/src/ieee/numeric_std.vhd" Line 3181: Warning: "NUMERIC_STD.TO_INTEGER: metavalue detected, returning 0"
Completed static elaboration
Fuse Memory Usage: 85068 KB
Fuse CPU Usage: 1430 ms
Compiling package standard
Compiling package std_logic_1164
Compiling package numeric_std
Compiling architecture behavioral of entity Counter [counter_default]
Compiling architecture dataflow of entity mux_2_1 [mux_2_1_default]
Compiling architecture behavioral of entity D_FF [d_ff_default]
Compiling architecture structural of entity Shift_register [\Shift_register(3)\]
Compiling architecture behavioral of entity Shift_register_mod [shift_register_mod_default]
Compiling architecture behavior of entity shift_register_mod_tb
Time Resolution for simulation is 1ps.
Waiting for 3 sub-compilation(s) to finish...
Compiled 14 VHDL Units
Built simulation executable /home/so/Scrivania/Shift_register_Scructural/Shift_register_mod_tb_isim_beh.exe
Fuse Memory Usage: 394604 KB
Fuse CPU Usage: 1540 ms
GCC CPU Usage: 450 ms
