Command line:
   system_tb_isim_beh.exe
     -simmode  gui
     -simrunnum  0
     -socket  50363

Wed Sep  7 02:56:26 2022


 Elaboration Time: 0.03 sec

 Current Memory Usage: 184.259 Meg

 Total Signals          : 183
 Total Nets             : 401
 Total Signal Drivers   : 92
 Total Blocks           : 16
 Total Primitive Blocks : 12
 Total Processes        : 46
 Total Traceable Variables  : 24
 Total Scalar Nets and Variables : 951
Total Line Count : 390
Total Line Count : 390
Total Line Count : 390

 Total Simulation Time: 0.59 sec

 Current Memory Usage: 259.76 Meg

Wed Sep  7 02:57:06 2022

