--------------------------------------------------------------------------------
Release 14.7 Trace  (lin64)
Copyright (c) 1995-2013 Xilinx, Inc.  All rights reserved.

/opt/Xilinx/14.7/ISE_DS/ISE/bin/lin64/unwrapped/trce -intstyle ise -v 3 -s 5 -n
3 -fastpaths -xml cron_int_board.twx cron_int_board.ncd -o cron_int_board.twr
cron_int_board.pcf -ucf Nexys2_1200K.ucf

Design file:              cron_int_board.ncd
Physical constraint file: cron_int_board.pcf
Device,package,speed:     xc3s1200e,fg320,-5 (PRODUCTION 1.27 2013-10-13)
Report level:             verbose report

Environment Variable      Effect 
--------------------      ------ 
NONE                      No environment variables were set
--------------------------------------------------------------------------------

INFO:Timing:2698 - No timing constraints found, doing default enumeration.
INFO:Timing:3412 - To improve timing, see the Timing Closure User Guide (UG612).
INFO:Timing:2752 - To get complete path coverage, use the unconstrained paths 
   option. All paths that are not constrained will be reported in the 
   unconstrained paths section(s) of the report.
INFO:Timing:3339 - The clock-to-out numbers in this timing report are based on 
   a 50 Ohm transmission line loading model.  For the details of this model, 
   and for more information on accounting for different loading conditions, 
   please see the device datasheet.
INFO:Timing:3390 - This architecture does not support a default System Jitter 
   value, please add SYSTEM_JITTER constraint to the UCF to modify the Clock 
   Uncertainty calculation.
INFO:Timing:3389 - This architecture does not support 'Discrete Jitter' and 
   'Phase Error' calculations, these terms will be zero in the Clock 
   Uncertainty calculation.  Please make appropriate modification to 
   SYSTEM_JITTER to account for the unsupported Discrete Jitter and Phase 
   Error.



Data Sheet report:
-----------------
All values displayed in nanoseconds (ns)

Setup/Hold to clock clk
------------+------------+------------+------------------+--------+
            |Max Setup to|Max Hold to |                  | Clock  |
Source      | clk (edge) | clk (edge) |Internal Clock(s) | Phase  |
------------+------------+------------+------------------+--------+
btn         |    0.898(R)|    0.441(R)|clk_BUFGP         |   0.000|
rst         |    6.337(R)|    0.204(R)|clk_BUFGP         |   0.000|
set         |   -0.108(R)|    1.266(R)|clk_BUFGP         |   0.000|
------------+------------+------------+------------------+--------+

Clock clk to Pad
------------+------------+------------------+--------+
            | clk (edge) |                  | Clock  |
Destination |   to PAD   |Internal Clock(s) | Phase  |
------------+------------+------------------+--------+
anodes<0>   |    8.781(R)|clk_BUFGP         |   0.000|
anodes<1>   |    9.277(R)|clk_BUFGP         |   0.000|
anodes<2>   |    9.497(R)|clk_BUFGP         |   0.000|
anodes<3>   |    8.249(R)|clk_BUFGP         |   0.000|
cathodes<0> |   19.798(R)|clk_BUFGP         |   0.000|
cathodes<1> |   18.783(R)|clk_BUFGP         |   0.000|
cathodes<2> |   19.374(R)|clk_BUFGP         |   0.000|
cathodes<3> |   19.442(R)|clk_BUFGP         |   0.000|
cathodes<4> |   18.737(R)|clk_BUFGP         |   0.000|
cathodes<5> |   19.515(R)|clk_BUFGP         |   0.000|
cathodes<6> |   19.134(R)|clk_BUFGP         |   0.000|
leds<0>     |   10.011(R)|clk_BUFGP         |   0.000|
leds<1>     |    9.269(R)|clk_BUFGP         |   0.000|
leds<2>     |    9.957(R)|clk_BUFGP         |   0.000|
leds<3>     |   10.726(R)|clk_BUFGP         |   0.000|
leds<4>     |   10.147(R)|clk_BUFGP         |   0.000|
------------+------------+------------------+--------+

Clock to Setup on destination clock clk
---------------+---------+---------+---------+---------+
               | Src:Rise| Src:Fall| Src:Rise| Src:Fall|
Source Clock   |Dest:Rise|Dest:Rise|Dest:Fall|Dest:Fall|
---------------+---------+---------+---------+---------+
clk            |    5.760|         |         |         |
---------------+---------+---------+---------+---------+


Analysis completed Thu Sep  8 16:10:53 2022 
--------------------------------------------------------------------------------

Trace Settings:
-------------------------
Trace Settings 

Peak Memory Usage: 370 MB



