--------------------------------------------------------------------------------
Release 14.7 Trace  (lin64)
Copyright (c) 1995-2013 Xilinx, Inc.  All rights reserved.

/opt/Xilinx/14.7/ISE_DS/ISE/bin/lin64/unwrapped/trce -intstyle ise -v 3 -s 5 -n
3 -fastpaths -xml Orologio_board.twx Orologio_board.ncd -o Orologio_board.twr
Orologio_board.pcf -ucf Nexys2_1200K.ucf

Design file:              Orologio_board.ncd
Physical constraint file: Orologio_board.pcf
Device,package,speed:     xc3s1200e,fg320,-5 (PRODUCTION 1.27 2013-10-13)
Report level:             verbose report

Environment Variable      Effect 
--------------------      ------ 
NONE                      No environment variables were set
--------------------------------------------------------------------------------

INFO:Timing:2698 - No timing constraints found, doing default enumeration.
INFO:Timing:3412 - To improve timing, see the Timing Closure User Guide (UG612).
INFO:Timing:2752 - To get complete path coverage, use the unconstrained paths 
   option. All paths that are not constrained will be reported in the 
   unconstrained paths section(s) of the report.
INFO:Timing:3339 - The clock-to-out numbers in this timing report are based on 
   a 50 Ohm transmission line loading model.  For the details of this model, 
   and for more information on accounting for different loading conditions, 
   please see the device datasheet.
INFO:Timing:3390 - This architecture does not support a default System Jitter 
   value, please add SYSTEM_JITTER constraint to the UCF to modify the Clock 
   Uncertainty calculation.
INFO:Timing:3389 - This architecture does not support 'Discrete Jitter' and 
   'Phase Error' calculations, these terms will be zero in the Clock 
   Uncertainty calculation.  Please make appropriate modification to 
   SYSTEM_JITTER to account for the unsupported Discrete Jitter and Phase 
   Error.



Data Sheet report:
-----------------
All values displayed in nanoseconds (ns)

Setup/Hold to clock CLK
------------+------------+------------+------------------+--------+
            |Max Setup to|Max Hold to |                  | Clock  |
Source      | clk (edge) | clk (edge) |Internal Clock(s) | Phase  |
------------+------------+------------+------------------+--------+
RST         |    2.858(R)|    0.104(R)|CLK_BUFGP         |   0.000|
------------+------------+------------+------------------+--------+

Clock CLK to Pad
------------+------------+------------------+--------+
            | clk (edge) |                  | Clock  |
Destination |   to PAD   |Internal Clock(s) | Phase  |
------------+------------+------------------+--------+
ANODES<0>   |    8.236(R)|CLK_BUFGP         |   0.000|
ANODES<1>   |    8.622(R)|CLK_BUFGP         |   0.000|
ANODES<2>   |    8.265(R)|CLK_BUFGP         |   0.000|
ANODES<3>   |    8.093(R)|CLK_BUFGP         |   0.000|
CATODES<0>  |   11.428(R)|CLK_BUFGP         |   0.000|
CATODES<1>  |   10.855(R)|CLK_BUFGP         |   0.000|
CATODES<2>  |   12.427(R)|CLK_BUFGP         |   0.000|
CATODES<3>  |   12.264(R)|CLK_BUFGP         |   0.000|
CATODES<4>  |   11.593(R)|CLK_BUFGP         |   0.000|
CATODES<5>  |   11.201(R)|CLK_BUFGP         |   0.000|
CATODES<6>  |   10.898(R)|CLK_BUFGP         |   0.000|
------------+------------+------------------+--------+

Clock to Setup on destination clock CLK
---------------+---------+---------+---------+---------+
               | Src:Rise| Src:Fall| Src:Rise| Src:Fall|
Source Clock   |Dest:Rise|Dest:Rise|Dest:Fall|Dest:Fall|
---------------+---------+---------+---------+---------+
CLK            |    5.540|         |         |         |
---------------+---------+---------+---------+---------+


Analysis completed Mon Mar  7 17:48:14 2022 
--------------------------------------------------------------------------------

Trace Settings:
-------------------------
Trace Settings 

Peak Memory Usage: 364 MB



