Release 14.7 - xst P.20131013 (lin64)
Copyright (c) 1995-2013 Xilinx, Inc.  All rights reserved.
--> 
Parameter TMPDIR set to xst/projnav.tmp


Total REAL time to Xst completion: 0.00 secs
Total CPU time to Xst completion: 0.09 secs
 
--> 
Parameter xsthdpdir set to xst


Total REAL time to Xst completion: 0.00 secs
Total CPU time to Xst completion: 0.09 secs
 
--> 
Reading design: riconoscitore_sequenza_temp.prj

TABLE OF CONTENTS
  1) Synthesis Options Summary
  2) HDL Compilation
  3) Design Hierarchy Analysis
  4) HDL Analysis
  5) HDL Synthesis
     5.1) HDL Synthesis Report
  6) Advanced HDL Synthesis
     6.1) Advanced HDL Synthesis Report
  7) Low Level Synthesis
  8) Partition Report
  9) Final Report
	9.1) Device utilization summary
	9.2) Partition Resource Summary
	9.3) TIMING REPORT


=========================================================================
*                      Synthesis Options Summary                        *
=========================================================================
---- Source Parameters
Input File Name                    : "riconoscitore_sequenza_temp.prj"
Input Format                       : mixed
Ignore Synthesis Constraint File   : NO

---- Target Parameters
Output File Name                   : "riconoscitore_sequenza_temp"
Output Format                      : NGC
Target Device                      : xc3s1200e-4-fg320

---- Source Options
Top Module Name                    : riconoscitore_sequenza_temp
Automatic FSM Extraction           : YES
FSM Encoding Algorithm             : Auto
Safe Implementation                : No
FSM Style                          : LUT
RAM Extraction                     : Yes
RAM Style                          : Auto
ROM Extraction                     : Yes
Mux Style                          : Auto
Decoder Extraction                 : YES
Priority Encoder Extraction        : Yes
Shift Register Extraction          : YES
Logical Shifter Extraction         : YES
XOR Collapsing                     : YES
ROM Style                          : Auto
Mux Extraction                     : Yes
Resource Sharing                   : YES
Asynchronous To Synchronous        : NO
Multiplier Style                   : Auto
Automatic Register Balancing       : No

---- Target Options
Add IO Buffers                     : YES
Global Maximum Fanout              : 500
Add Generic Clock Buffer(BUFG)     : 24
Register Duplication               : YES
Slice Packing                      : YES
Optimize Instantiated Primitives   : NO
Use Clock Enable                   : Yes
Use Synchronous Set                : Yes
Use Synchronous Reset              : Yes
Pack IO Registers into IOBs        : Auto
Equivalent register Removal        : YES

---- General Options
Optimization Goal                  : Speed
Optimization Effort                : 1
Keep Hierarchy                     : No
Netlist Hierarchy                  : As_Optimized
RTL Output                         : Yes
Global Optimization                : AllClockNets
Read Cores                         : YES
Write Timing Constraints           : NO
Cross Clock Analysis               : NO
Hierarchy Separator                : /
Bus Delimiter                      : <>
Case Specifier                     : Maintain
Slice Utilization Ratio            : 100
BRAM Utilization Ratio             : 100
Verilog 2001                       : YES
Auto BRAM Packing                  : NO
Slice Utilization Ratio Delta      : 5

=========================================================================


=========================================================================
*                          HDL Compilation                              *
=========================================================================
Compiling vhdl file "/home/ise/vhdl/progetti_vhdl_ok/esercizio3.2/riconoscitore_sequenza.vhd" in Library work.
WARNING:HDLParsers:3530 - Time stamp of file "/home/ise/vhdl/progetti_vhdl_ok/esercizio3.2/riconoscitore_sequenza.vhd" is newer than current system time.
Entity <riconoscitore_sequenza> compiled.
Entity <riconoscitore_sequenza> (Architecture <behavioral>) compiled.
Compiling vhdl file "/home/ise/vhdl/progetti_vhdl_ok/esercizio3.2/ButtonDebouncer.vhd" in Library work.
Architecture behavioral of Entity buttondebouncer is up to date.
Compiling vhdl file "/home/ise/vhdl/progetti_vhdl_ok/esercizio3.2/riconoscitore_sequenza_temp.vhd" in Library work.
WARNING:HDLParsers:3530 - Time stamp of file "/home/ise/vhdl/progetti_vhdl_ok/esercizio3.2/riconoscitore_sequenza_temp.vhd" is newer than current system time.
Architecture structural of Entity riconoscitore_sequenza_temp is up to date.

=========================================================================
*                     Design Hierarchy Analysis                         *
=========================================================================
Analyzing hierarchy for entity <riconoscitore_sequenza_temp> in library <work> (architecture <structural>).

Analyzing hierarchy for entity <riconoscitore_sequenza> in library <work> (architecture <behavioral>).

Analyzing hierarchy for entity <ButtonDebouncer> in library <work> (architecture <behavioral>) with generics.
	CLK_period = 20
	btn_noise_time = 2000000000


=========================================================================
*                            HDL Analysis                               *
=========================================================================
Analyzing Entity <riconoscitore_sequenza_temp> in library <work> (Architecture <structural>).
Entity <riconoscitore_sequenza_temp> analyzed. Unit <riconoscitore_sequenza_temp> generated.

Analyzing Entity <riconoscitore_sequenza> in library <work> (Architecture <behavioral>).
Entity <riconoscitore_sequenza> analyzed. Unit <riconoscitore_sequenza> generated.

Analyzing generic Entity <ButtonDebouncer> in library <work> (Architecture <behavioral>).
	CLK_period = 20
	btn_noise_time = 2000000000
Entity <ButtonDebouncer> analyzed. Unit <ButtonDebouncer> generated.


=========================================================================
*                           HDL Synthesis                               *
=========================================================================

Performing bidirectional port resolution...

Synthesizing Unit <riconoscitore_sequenza>.
    Related source file is "/home/ise/vhdl/progetti_vhdl_ok/esercizio3.2/riconoscitore_sequenza.vhd".
    Using one-hot encoding for signal <stato_corrente>.
WARNING:Xst:737 - Found 1-bit latch for signal <Y_Q_0>. Latches may be generated from incomplete case or if statements. We do not recommend the use of latches in FPGA/CPLD designs, as they may lead to timing problems.
INFO:Xst:2371 - HDL ADVISOR - Logic functions respectively driving the data and gate enable inputs of this latch share common terms. This situation will potentially lead to setup/hold violations and, as a result, to simulation problems. This situation may come from an incomplete case statement (all selector values are not covered). You should carefully review if it was in your intentions to describe such a latch.
WARNING:Xst:737 - Found 1-bit latch for signal <Y_Q_1>. Latches may be generated from incomplete case or if statements. We do not recommend the use of latches in FPGA/CPLD designs, as they may lead to timing problems.
INFO:Xst:2371 - HDL ADVISOR - Logic functions respectively driving the data and gate enable inputs of this latch share common terms. This situation will potentially lead to setup/hold violations and, as a result, to simulation problems. This situation may come from an incomplete case statement (all selector values are not covered). You should carefully review if it was in your intentions to describe such a latch.
    Found 1-bit register for signal <Y>.
    Found 12-bit register for signal <stato_corrente>.
    Summary:
	inferred  13 D-type flip-flop(s).
Unit <riconoscitore_sequenza> synthesized.


Synthesizing Unit <ButtonDebouncer>.
    Related source file is "/home/ise/vhdl/progetti_vhdl_ok/esercizio3.2/ButtonDebouncer.vhd".
    Found 1-bit register for signal <CLEARED_BTN>.
    Found 1-bit register for signal <BTN_state<0>>.
    Found 32-bit up counter for signal <count>.
    Summary:
	inferred   1 Counter(s).
	inferred   2 D-type flip-flop(s).
Unit <ButtonDebouncer> synthesized.


Synthesizing Unit <riconoscitore_sequenza_temp>.
    Related source file is "/home/ise/vhdl/progetti_vhdl_ok/esercizio3.2/riconoscitore_sequenza_temp.vhd".
Unit <riconoscitore_sequenza_temp> synthesized.


=========================================================================
HDL Synthesis Report

Macro Statistics
# Counters                                             : 2
 32-bit up counter                                     : 2
# Registers                                            : 6
 1-bit register                                        : 5
 12-bit register                                       : 1
# Latches                                              : 2
 1-bit latch                                           : 2

=========================================================================

=========================================================================
*                       Advanced HDL Synthesis                          *
=========================================================================

WARNING:Xst:2677 - Node <stato_corrente_0> of sequential type is unconnected in block <riconoscitore_sequenza_0>.
WARNING:Xst:2677 - Node <stato_corrente_7> of sequential type is unconnected in block <riconoscitore_sequenza_0>.
WARNING:Xst:2677 - Node <stato_corrente_0> of sequential type is unconnected in block <riconoscitore_sequenza>.
WARNING:Xst:2677 - Node <stato_corrente_7> of sequential type is unconnected in block <riconoscitore_sequenza>.

=========================================================================
Advanced HDL Synthesis Report

Macro Statistics
# Counters                                             : 2
 32-bit up counter                                     : 2
# Registers                                            : 15
 Flip-Flops                                            : 15
# Latches                                              : 2
 1-bit latch                                           : 2

=========================================================================

=========================================================================
*                         Low Level Synthesis                           *
=========================================================================

Optimizing unit <riconoscitore_sequenza_temp> ...

Optimizing unit <riconoscitore_sequenza> ...

Mapping all equations...
Building and optimizing final netlist ...
Found area constraint ratio of 100 (+ 5) on block riconoscitore_sequenza_temp, actual ratio is 0.

Final Macro Processing ...

=========================================================================
Final Register Report

Macro Statistics
# Registers                                            : 79
 Flip-Flops                                            : 79

=========================================================================

=========================================================================
*                           Partition Report                            *
=========================================================================

Partition Implementation Status
-------------------------------

  No Partitions were found in this design.

-------------------------------

=========================================================================
*                            Final Report                               *
=========================================================================
Final Results
RTL Top Level Output File Name     : riconoscitore_sequenza_temp.ngr
Top Level Output File Name         : riconoscitore_sequenza_temp
Output Format                      : NGC
Optimization Goal                  : Speed
Keep Hierarchy                     : No

Design Statistics
# IOs                              : 9

Cell Usage :
# BELS                             : 250
#      GND                         : 1
#      INV                         : 4
#      LUT1                        : 62
#      LUT2                        : 3
#      LUT3                        : 8
#      LUT4                        : 28
#      LUT4_L                      : 1
#      MUXCY                       : 78
#      VCC                         : 1
#      XORCY                       : 64
# FlipFlops/Latches                : 81
#      FD                          : 2
#      FDE                         : 10
#      FDRE                        : 67
#      LD                          : 2
# Clock Buffers                    : 1
#      BUFGP                       : 1
# IO Buffers                       : 8
#      IBUF                        : 5
#      OBUF                        : 3
=========================================================================

Device utilization summary:
---------------------------

Selected Device : 3s1200efg320-4 

 Number of Slices:                       53  out of   8672     0%  
 Number of Slice Flip Flops:             79  out of  17344     0%  
 Number of 4 input LUTs:                106  out of  17344     0%  
 Number of IOs:                           9
 Number of bonded IOBs:                   9  out of    250     3%  
    IOB Flip Flops:                       2
 Number of GCLKs:                         1  out of     24     4%  

---------------------------
Partition Resource Summary:
---------------------------

  No Partitions were found in this design.

---------------------------


=========================================================================
TIMING REPORT

NOTE: THESE TIMING NUMBERS ARE ONLY A SYNTHESIS ESTIMATE.
      FOR ACCURATE TIMING INFORMATION PLEASE REFER TO THE TRACE REPORT
      GENERATED AFTER PLACE-and-ROUTE.

Clock Information:
------------------
-------------------------------------------------------------------------------+----------------------------------------+-------+
Clock Signal                                                                   | Clock buffer(FF name)                  | Load  |
-------------------------------------------------------------------------------+----------------------------------------+-------+
CLK                                                                            | BUFGP                                  | 79    |
riconoscitore_sequenza_0/Y_Q_0_or0000(riconoscitore_sequenza_0/Y_Q_0_or00001:O)| NONE(*)(riconoscitore_sequenza_0/Y_Q_0)| 1     |
riconoscitore_sequenza_0/Y_Q_1_or0000(riconoscitore_sequenza_0/Y_Q_1_or00001:O)| NONE(*)(riconoscitore_sequenza_0/Y_Q_1)| 1     |
-------------------------------------------------------------------------------+----------------------------------------+-------+
(*) These 2 clock signal(s) are generated by combinatorial logic,
and XST is not able to identify which are the primary clock signals.
Please use the CLOCK_SIGNAL constraint to specify the clock signal(s) generated by combinatorial logic.
INFO:Xst:2169 - HDL ADVISOR - Some clock signals were not automatically buffered by XST with BUFG/BUFR resources. Please use the buffer_type constraint in order to insert these buffers to the clock signals to help prevent skew problems.

Asynchronous Control Signals Information:
----------------------------------------
No asynchronous control signals found in this design

Timing Summary:
---------------
Speed Grade: -4

   Minimum period: 6.553ns (Maximum Frequency: 152.597MHz)
   Minimum input arrival time before clock: 4.664ns
   Maximum output required time after clock: 4.368ns
   Maximum combinational path delay: No path found

Timing Detail:
--------------
All values displayed in nanoseconds (ns)

=========================================================================
Timing constraint: Default period analysis for Clock 'CLK'
  Clock period: 6.553ns (frequency: 152.597MHz)
  Total number of paths / destination ports: 3420 / 221
-------------------------------------------------------------------------
Delay:               6.553ns (Levels of Logic = 10)
  Source:            ButtonDebouncerIN/count_8 (FF)
  Destination:       ButtonDebouncerIN/count_0 (FF)
  Source Clock:      CLK rising
  Destination Clock: CLK rising

  Data Path: ButtonDebouncerIN/count_8 to ButtonDebouncerIN/count_0
                                Gate     Net
    Cell:in->out      fanout   Delay   Delay  Logical Name (Net Name)
    ----------------------------------------  ------------
     FDRE:C->Q             2   0.591   0.622  ButtonDebouncerIN/count_8 (ButtonDebouncerIN/count_8)
     LUT4:I0->O            1   0.704   0.000  ButtonDebouncerIN/CLEARED_BTN_cmp_eq0000_wg_lut<0> (ButtonDebouncerIN/CLEARED_BTN_cmp_eq0000_wg_lut<0>)
     MUXCY:S->O            1   0.464   0.000  ButtonDebouncerIN/CLEARED_BTN_cmp_eq0000_wg_cy<0> (ButtonDebouncerIN/CLEARED_BTN_cmp_eq0000_wg_cy<0>)
     MUXCY:CI->O           1   0.059   0.000  ButtonDebouncerIN/CLEARED_BTN_cmp_eq0000_wg_cy<1> (ButtonDebouncerIN/CLEARED_BTN_cmp_eq0000_wg_cy<1>)
     MUXCY:CI->O           1   0.059   0.000  ButtonDebouncerIN/CLEARED_BTN_cmp_eq0000_wg_cy<2> (ButtonDebouncerIN/CLEARED_BTN_cmp_eq0000_wg_cy<2>)
     MUXCY:CI->O           1   0.059   0.000  ButtonDebouncerIN/CLEARED_BTN_cmp_eq0000_wg_cy<3> (ButtonDebouncerIN/CLEARED_BTN_cmp_eq0000_wg_cy<3>)
     MUXCY:CI->O           1   0.059   0.000  ButtonDebouncerIN/CLEARED_BTN_cmp_eq0000_wg_cy<4> (ButtonDebouncerIN/CLEARED_BTN_cmp_eq0000_wg_cy<4>)
     MUXCY:CI->O           1   0.059   0.000  ButtonDebouncerIN/CLEARED_BTN_cmp_eq0000_wg_cy<5> (ButtonDebouncerIN/CLEARED_BTN_cmp_eq0000_wg_cy<5>)
     MUXCY:CI->O           1   0.059   0.000  ButtonDebouncerIN/CLEARED_BTN_cmp_eq0000_wg_cy<6> (ButtonDebouncerIN/CLEARED_BTN_cmp_eq0000_wg_cy<6>)
     MUXCY:CI->O           3   0.331   0.610  ButtonDebouncerIN/CLEARED_BTN_cmp_eq0000_wg_cy<7> (ButtonDebouncerIN/CLEARED_BTN_cmp_eq0000)
     LUT2:I1->O           32   0.704   1.262  ButtonDebouncerIN/count_and00001 (ButtonDebouncerIN/count_and0000)
     FDRE:R                    0.911          ButtonDebouncerIN/count_0
    ----------------------------------------
    Total                      6.553ns (4.059ns logic, 2.494ns route)
                                       (61.9% logic, 38.1% route)

=========================================================================
Timing constraint: Default OFFSET IN BEFORE for Clock 'CLK'
  Total number of paths / destination ports: 35 / 24
-------------------------------------------------------------------------
Offset:              4.664ns (Levels of Logic = 3)
  Source:            RST (PAD)
  Destination:       riconoscitore_sequenza_0/stato_corrente_5 (FF)
  Destination Clock: CLK rising

  Data Path: RST to riconoscitore_sequenza_0/stato_corrente_5
                                Gate     Net
    Cell:in->out      fanout   Delay   Delay  Logical Name (Net Name)
    ----------------------------------------  ------------
     IBUF:I->O            11   1.218   1.108  RST_IBUF (RST_IBUF)
     LUT2:I0->O            2   0.704   0.622  riconoscitore_sequenza_0/Y_or00001 (riconoscitore_sequenza_0/Y_or0000)
     LUT4:I0->O            1   0.704   0.000  riconoscitore_sequenza_0/stato_corrente_mux0001<6>1 (riconoscitore_sequenza_0/stato_corrente_mux0001<6>)
     FDE:D                     0.308          riconoscitore_sequenza_0/stato_corrente_5
    ----------------------------------------
    Total                      4.664ns (2.934ns logic, 1.730ns route)
                                       (62.9% logic, 37.1% route)

=========================================================================
Timing constraint: Default OFFSET OUT AFTER for Clock 'CLK'
  Total number of paths / destination ports: 1 / 1
-------------------------------------------------------------------------
Offset:              4.283ns (Levels of Logic = 1)
  Source:            riconoscitore_sequenza_0/Y (FF)
  Destination:       Y (PAD)
  Source Clock:      CLK rising

  Data Path: riconoscitore_sequenza_0/Y to Y
                                Gate     Net
    Cell:in->out      fanout   Delay   Delay  Logical Name (Net Name)
    ----------------------------------------  ------------
     FDRE:C->Q             1   0.591   0.420  riconoscitore_sequenza_0/Y (riconoscitore_sequenza_0/Y)
     OBUF:I->O                 3.272          Y_OBUF (Y)
    ----------------------------------------
    Total                      4.283ns (3.863ns logic, 0.420ns route)
                                       (90.2% logic, 9.8% route)

=========================================================================
Timing constraint: Default OFFSET OUT AFTER for Clock 'riconoscitore_sequenza_0/Y_Q_0_or0000'
  Total number of paths / destination ports: 1 / 1
-------------------------------------------------------------------------
Offset:              4.368ns (Levels of Logic = 1)
  Source:            riconoscitore_sequenza_0/Y_Q_0 (LATCH)
  Destination:       Y_Q_0 (PAD)
  Source Clock:      riconoscitore_sequenza_0/Y_Q_0_or0000 falling

  Data Path: riconoscitore_sequenza_0/Y_Q_0 to Y_Q_0
                                Gate     Net
    Cell:in->out      fanout   Delay   Delay  Logical Name (Net Name)
    ----------------------------------------  ------------
     LD:G->Q               1   0.676   0.420  riconoscitore_sequenza_0/Y_Q_0 (riconoscitore_sequenza_0/Y_Q_0)
     OBUF:I->O                 3.272          Y_Q_0_OBUF (Y_Q_0)
    ----------------------------------------
    Total                      4.368ns (3.948ns logic, 0.420ns route)
                                       (90.4% logic, 9.6% route)

=========================================================================
Timing constraint: Default OFFSET OUT AFTER for Clock 'riconoscitore_sequenza_0/Y_Q_1_or0000'
  Total number of paths / destination ports: 1 / 1
-------------------------------------------------------------------------
Offset:              4.368ns (Levels of Logic = 1)
  Source:            riconoscitore_sequenza_0/Y_Q_1 (LATCH)
  Destination:       Y_Q_1 (PAD)
  Source Clock:      riconoscitore_sequenza_0/Y_Q_1_or0000 falling

  Data Path: riconoscitore_sequenza_0/Y_Q_1 to Y_Q_1
                                Gate     Net
    Cell:in->out      fanout   Delay   Delay  Logical Name (Net Name)
    ----------------------------------------  ------------
     LD:G->Q               1   0.676   0.420  riconoscitore_sequenza_0/Y_Q_1 (riconoscitore_sequenza_0/Y_Q_1)
     OBUF:I->O                 3.272          Y_Q_1_OBUF (Y_Q_1)
    ----------------------------------------
    Total                      4.368ns (3.948ns logic, 0.420ns route)
                                       (90.4% logic, 9.6% route)

=========================================================================


Total REAL time to Xst completion: 6.00 secs
Total CPU time to Xst completion: 4.91 secs
 
--> 


Total memory usage is 610676 kilobytes

Number of errors   :    0 (   0 filtered)
Number of warnings :    8 (   0 filtered)
Number of infos    :    3 (   0 filtered)

