Command line:
   Omega_TB_isim_beh.exe
     -simmode  gui
     -simrunnum  0
     -socket  59443

Thu Sep  8 02:00:06 2022


 Elaboration Time: 0.04 sec

 Current Memory Usage: 183.927 Meg

 Total Signals          : 80
 Total Nets             : 42
 Total Signal Drivers   : 18
 Total Blocks           : 11
 Total Primitive Blocks : 7
 Total Processes        : 12
 Total Traceable Variables  : 14
 Total Scalar Nets and Variables : 408
Total Line Count : 29

 Total Simulation Time: 0.27 sec

 Current Memory Usage: 259.428 Meg

Thu Sep  8 02:04:46 2022

