Running: /opt/Xilinx/14.7/ISE_DS/ISE/bin/lin64/unwrapped/fuse -intstyle ise -incremental -o /home/vincenzo/Scrivania/Progetti_Xilinx/Prove/Cronometro/Orologio_TB_isim_beh.exe -prj /home/vincenzo/Scrivania/Progetti_Xilinx/Prove/Cronometro/Orologio_TB_beh.prj work.Orologio_TB 
ISim P.20131013 (signature 0xfbc00daa)
Number of CPUs detected in this system: 2
Turning on mult-threading, number of parallel sub-compilation jobs: 4 
Determining compilation order of HDL files
Parsing VHDL file "/home/vincenzo/Scrivania/Progetti_Xilinx/Prove/Cronometro/FFT.vhd" into library work
Parsing VHDL file "/home/vincenzo/Scrivania/Progetti_Xilinx/Prove/Cronometro/Divisore_freq.vhd" into library work
Parsing VHDL file "/home/vincenzo/Scrivania/Progetti_Xilinx/Prove/Cronometro/Contatore_60.vhd" into library work
Parsing VHDL file "/home/vincenzo/Scrivania/Progetti_Xilinx/Prove/Cronometro/Contatore_24.vhd" into library work
Parsing VHDL file "/home/vincenzo/Scrivania/Progetti_Xilinx/Prove/Cronometro/Orologio_hh_mm_ss.vhd" into library work
Parsing VHDL file "/home/vincenzo/Scrivania/Progetti_Xilinx/Prove/Cronometro/Orologio_TB.vhd" into library work
Starting static elaboration
Completed static elaboration
Fuse Memory Usage: 83356 KB
Fuse CPU Usage: 1670 ms
Compiling package standard
Compiling package std_logic_1164
Compiling architecture behavioral of entity Divisore_freq [\Divisore_freq(50000000,25000000...]
Compiling architecture behavioral of entity FFT [fft_default]
Compiling architecture structural of entity Contatore_60 [contatore_60_default]
Compiling architecture structural of entity Contatore_24 [contatore_24_default]
Compiling architecture structural of entity Orologio_hh_mm_ss [orologio_hh_mm_ss_default]
Compiling architecture behavior of entity orologio_tb
Time Resolution for simulation is 1ps.
Waiting for 3 sub-compilation(s) to finish...
Compiled 13 VHDL Units
Built simulation executable /home/vincenzo/Scrivania/Progetti_Xilinx/Prove/Cronometro/Orologio_TB_isim_beh.exe
Fuse Memory Usage: 386884 KB
Fuse CPU Usage: 1720 ms
GCC CPU Usage: 810 ms
