Running: /opt/Xilinx/14.7/ISE_DS/ISE/bin/lin64/unwrapped/fuse -intstyle ise -incremental -o /mnt/hgfs/Condivisa/esercizio4_comportamentale/Shift_register_tb_isim_beh.exe -prj /mnt/hgfs/Condivisa/esercizio4_comportamentale/Shift_register_tb_beh.prj work.Shift_register_tb 
ISim P.20131013 (signature 0xfbc00daa)
Number of CPUs detected in this system: 2
Turning on mult-threading, number of parallel sub-compilation jobs: 4 
Determining compilation order of HDL files
Parsing VHDL file "/mnt/hgfs/Condivisa/esercizio4_comportamentale/Shift_register.vhd" into library work
Parsing VHDL file "/mnt/hgfs/Condivisa/esercizio4_comportamentale/Shift_register_tb.vhd" into library work
Starting static elaboration
Completed static elaboration
Fuse Memory Usage: 84724 KB
Fuse CPU Usage: 2280 ms
Compiling package standard
Compiling package std_logic_1164
Compiling package numeric_std
Compiling architecture behavioral of entity Shift_register [\Shift_register(4)\]
Compiling architecture behavior of entity shift_register_tb
Time Resolution for simulation is 1ps.
Waiting for 1 sub-compilation(s) to finish...
Compiled 6 VHDL Units
Built simulation executable /mnt/hgfs/Condivisa/esercizio4_comportamentale/Shift_register_tb_isim_beh.exe
Fuse Memory Usage: 394168 KB
Fuse CPU Usage: 2650 ms
GCC CPU Usage: 840 ms
