Release 14.7 - xst P.20131013 (lin64)
Copyright (c) 1995-2013 Xilinx, Inc.  All rights reserved.
--> 
Parameter TMPDIR set to xst/projnav.tmp


Total REAL time to Xst completion: 0.00 secs
Total CPU time to Xst completion: 0.12 secs
 
--> 
Parameter xsthdpdir set to xst


Total REAL time to Xst completion: 0.00 secs
Total CPU time to Xst completion: 0.12 secs
 
--> 
Reading design: Nodo_B.prj

TABLE OF CONTENTS
  1) Synthesis Options Summary
  2) HDL Compilation
  3) Design Hierarchy Analysis
  4) HDL Analysis
  5) HDL Synthesis
     5.1) HDL Synthesis Report
  6) Advanced HDL Synthesis
     6.1) Advanced HDL Synthesis Report
  7) Low Level Synthesis
  8) Partition Report
  9) Final Report
	9.1) Device utilization summary
	9.2) Partition Resource Summary
	9.3) TIMING REPORT


=========================================================================
*                      Synthesis Options Summary                        *
=========================================================================
---- Source Parameters
Input File Name                    : "Nodo_B.prj"
Input Format                       : mixed
Ignore Synthesis Constraint File   : NO

---- Target Parameters
Output File Name                   : "Nodo_B"
Output Format                      : NGC
Target Device                      : xc3s1200e-5-fg320

---- Source Options
Top Module Name                    : Nodo_B
Automatic FSM Extraction           : YES
FSM Encoding Algorithm             : Auto
Safe Implementation                : No
FSM Style                          : LUT
RAM Extraction                     : Yes
RAM Style                          : Auto
ROM Extraction                     : Yes
Mux Style                          : Auto
Decoder Extraction                 : YES
Priority Encoder Extraction        : Yes
Shift Register Extraction          : YES
Logical Shifter Extraction         : YES
XOR Collapsing                     : YES
ROM Style                          : Auto
Mux Extraction                     : Yes
Resource Sharing                   : YES
Asynchronous To Synchronous        : NO
Multiplier Style                   : Auto
Automatic Register Balancing       : No

---- Target Options
Add IO Buffers                     : YES
Global Maximum Fanout              : 500
Add Generic Clock Buffer(BUFG)     : 24
Register Duplication               : YES
Slice Packing                      : YES
Optimize Instantiated Primitives   : NO
Use Clock Enable                   : Yes
Use Synchronous Set                : Yes
Use Synchronous Reset              : Yes
Pack IO Registers into IOBs        : Auto
Equivalent register Removal        : YES

---- General Options
Optimization Goal                  : Speed
Optimization Effort                : 1
Keep Hierarchy                     : No
Netlist Hierarchy                  : As_Optimized
RTL Output                         : Yes
Global Optimization                : AllClockNets
Read Cores                         : YES
Write Timing Constraints           : NO
Cross Clock Analysis               : NO
Hierarchy Separator                : /
Bus Delimiter                      : <>
Case Specifier                     : Maintain
Slice Utilization Ratio            : 100
BRAM Utilization Ratio             : 100
Verilog 2001                       : YES
Auto BRAM Packing                  : NO
Slice Utilization Ratio Delta      : 5

=========================================================================


=========================================================================
*                          HDL Compilation                              *
=========================================================================
Compiling vhdl file "/home/ise/vhdl/progetti_vhdl_ok/progetto_esame/cnt_10.vhd" in Library work.
Entity <cnt_10> compiled.
Entity <cnt_10> (Architecture <behavioural>) compiled.
Compiling vhdl file "/home/ise/vhdl/progetti_vhdl_ok/progetto_esame/riconoscitore_sequenza.vhd" in Library work.
Architecture behavioral of Entity riconoscitore_sequenza is up to date.
Compiling vhdl file "/home/ise/vhdl/progetti_vhdl_ok/progetto_esame/Nodo_B.vhd" in Library work.
Architecture structural of Entity nodo_b is up to date.

=========================================================================
*                     Design Hierarchy Analysis                         *
=========================================================================
Analyzing hierarchy for entity <Nodo_B> in library <work> (architecture <structural>).

Analyzing hierarchy for entity <cnt_10> in library <work> (architecture <behavioural>).

Analyzing hierarchy for entity <riconoscitore_sequenza> in library <work> (architecture <behavioral>).


=========================================================================
*                            HDL Analysis                               *
=========================================================================
Analyzing Entity <Nodo_B> in library <work> (Architecture <structural>).
WARNING:Xst:753 - "/home/ise/vhdl/progetti_vhdl_ok/progetto_esame/Nodo_B.vhd" line 66: Unconnected output port 'count' of component 'cnt_10'.
Entity <Nodo_B> analyzed. Unit <Nodo_B> generated.

Analyzing Entity <cnt_10> in library <work> (Architecture <behavioural>).
Entity <cnt_10> analyzed. Unit <cnt_10> generated.

Analyzing Entity <riconoscitore_sequenza> in library <work> (Architecture <behavioral>).
Entity <riconoscitore_sequenza> analyzed. Unit <riconoscitore_sequenza> generated.


=========================================================================
*                           HDL Synthesis                               *
=========================================================================

Performing bidirectional port resolution...

Synthesizing Unit <cnt_10>.
    Related source file is "/home/ise/vhdl/progetti_vhdl_ok/progetto_esame/cnt_10.vhd".
    Found 1-bit register for signal <div>.
    Found 4-bit up counter for signal <c>.
    Summary:
	inferred   1 Counter(s).
	inferred   1 D-type flip-flop(s).
Unit <cnt_10> synthesized.


Synthesizing Unit <riconoscitore_sequenza>.
    Related source file is "/home/ise/vhdl/progetti_vhdl_ok/progetto_esame/riconoscitore_sequenza.vhd".
    Found finite state machine <FSM_0> for signal <stato_corrente>.
    -----------------------------------------------------------------------
    | States             | 7                                              |
    | Transitions        | 10                                             |
    | Inputs             | 1                                              |
    | Outputs            | 7                                              |
    | Clock              | CLK                       (rising_edge)        |
    | Reset              | RST                       (positive)           |
    | Reset type         | synchronous                                    |
    | Reset State        | q0                                             |
    | Power Up State     | q0                                             |
    | Encoding           | automatic                                      |
    | Implementation     | LUT                                            |
    -----------------------------------------------------------------------
    Found 1-bit register for signal <Y>.
    Summary:
	inferred   1 Finite State Machine(s).
	inferred   1 D-type flip-flop(s).
Unit <riconoscitore_sequenza> synthesized.


Synthesizing Unit <Nodo_B>.
    Related source file is "/home/ise/vhdl/progetti_vhdl_ok/progetto_esame/Nodo_B.vhd".
Unit <Nodo_B> synthesized.


=========================================================================
HDL Synthesis Report

Macro Statistics
# Counters                                             : 1
 4-bit up counter                                      : 1
# Registers                                            : 2
 1-bit register                                        : 2

=========================================================================

=========================================================================
*                       Advanced HDL Synthesis                          *
=========================================================================

Analyzing FSM <FSM_0> for best encoding.
Optimizing FSM <ric/stato_corrente/FSM> on signal <stato_corrente[1:7]> with one-hot encoding.
-------------------
 State | Encoding
-------------------
 q0    | 0000001
 q1    | 0000100
 q2    | 0000010
 q3    | 0001000
 q4    | 0010000
 q5    | 1000000
 q6    | 0100000
-------------------

=========================================================================
Advanced HDL Synthesis Report

Macro Statistics
# FSMs                                                 : 1
# Counters                                             : 1
 4-bit up counter                                      : 1
# Registers                                            : 2
 Flip-Flops                                            : 2

=========================================================================

=========================================================================
*                         Low Level Synthesis                           *
=========================================================================

Optimizing unit <Nodo_B> ...

Mapping all equations...
Building and optimizing final netlist ...
Found area constraint ratio of 100 (+ 5) on block Nodo_B, actual ratio is 0.

Final Macro Processing ...

=========================================================================
Final Register Report

Macro Statistics
# Registers                                            : 13
 Flip-Flops                                            : 13

=========================================================================

=========================================================================
*                           Partition Report                            *
=========================================================================

Partition Implementation Status
-------------------------------

  No Partitions were found in this design.

-------------------------------

=========================================================================
*                            Final Report                               *
=========================================================================
Final Results
RTL Top Level Output File Name     : Nodo_B.ngr
Top Level Output File Name         : Nodo_B
Output Format                      : NGC
Optimization Goal                  : Speed
Keep Hierarchy                     : No

Design Statistics
# IOs                              : 5

Cell Usage :
# BELS                             : 14
#      INV                         : 1
#      LUT2                        : 8
#      LUT3                        : 1
#      LUT4                        : 3
#      LUT4_L                      : 1
# FlipFlops/Latches                : 13
#      FDCE                        : 5
#      FDR                         : 5
#      FDRS                        : 2
#      FDS                         : 1
# Clock Buffers                    : 1
#      BUFGP                       : 1
# IO Buffers                       : 4
#      IBUF                        : 3
#      OBUF                        : 1
=========================================================================

Device utilization summary:
---------------------------

Selected Device : 3s1200efg320-5 

 Number of Slices:                        8  out of   8672     0%  
 Number of Slice Flip Flops:             13  out of  17344     0%  
 Number of 4 input LUTs:                 14  out of  17344     0%  
 Number of IOs:                           5
 Number of bonded IOBs:                   5  out of    250     2%  
 Number of GCLKs:                         1  out of     24     4%  

---------------------------
Partition Resource Summary:
---------------------------

  No Partitions were found in this design.

---------------------------


=========================================================================
TIMING REPORT

NOTE: THESE TIMING NUMBERS ARE ONLY A SYNTHESIS ESTIMATE.
      FOR ACCURATE TIMING INFORMATION PLEASE REFER TO THE TRACE REPORT
      GENERATED AFTER PLACE-and-ROUTE.

Clock Information:
------------------
-----------------------------------+------------------------+-------+
Clock Signal                       | Clock buffer(FF name)  | Load  |
-----------------------------------+------------------------+-------+
CLK                                | BUFGP                  | 13    |
-----------------------------------+------------------------+-------+

Asynchronous Control Signals Information:
----------------------------------------
-----------------------------------+------------------------+-------+
Control Signal                     | Buffer(FF name)        | Load  |
-----------------------------------+------------------------+-------+
rst                                | IBUF                   | 5     |
-----------------------------------+------------------------+-------+

Timing Summary:
---------------
Speed Grade: -5

   Minimum period: 2.641ns (Maximum Frequency: 378.652MHz)
   Minimum input arrival time before clock: 2.740ns
   Maximum output required time after clock: 4.040ns
   Maximum combinational path delay: No path found

Timing Detail:
--------------
All values displayed in nanoseconds (ns)

=========================================================================
Timing constraint: Default period analysis for Clock 'CLK'
  Clock period: 2.641ns (frequency: 378.652MHz)
  Total number of paths / destination ports: 35 / 20
-------------------------------------------------------------------------
Delay:               2.641ns (Levels of Logic = 2)
  Source:            ric/stato_corrente_FSM_FFd3 (FF)
  Destination:       ric/Y (FF)
  Source Clock:      CLK rising
  Destination Clock: CLK rising

  Data Path: ric/stato_corrente_FSM_FFd3 to ric/Y
                                Gate     Net
    Cell:in->out      fanout   Delay   Delay  Logical Name (Net Name)
    ----------------------------------------  ------------
     FDRS:C->Q             2   0.514   0.532  ric/stato_corrente_FSM_FFd3 (ric/stato_corrente_FSM_FFd3)
     LUT4_L:I0->LO         1   0.612   0.103  ric/Y_mux0000_SW0 (N11)
     LUT4:I3->O            1   0.612   0.000  ric/Y_mux0000 (ric/Y_mux0000)
     FDR:D                     0.268          ric/Y
    ----------------------------------------
    Total                      2.641ns (2.006ns logic, 0.635ns route)
                                       (76.0% logic, 24.0% route)

=========================================================================
Timing constraint: Default OFFSET IN BEFORE for Clock 'CLK'
  Total number of paths / destination ports: 15 / 15
-------------------------------------------------------------------------
Offset:              2.740ns (Levels of Logic = 2)
  Source:            I (PAD)
  Destination:       ric/Y (FF)
  Destination Clock: CLK rising

  Data Path: I to ric/Y
                                Gate     Net
    Cell:in->out      fanout   Delay   Delay  Logical Name (Net Name)
    ----------------------------------------  ------------
     IBUF:I->O             7   1.106   0.754  I_IBUF (I_IBUF)
     LUT2:I0->O            1   0.612   0.000  ric/stato_corrente_FSM_FFd6-In1 (ric/stato_corrente_FSM_FFd6-In)
     FDR:D                     0.268          ric/stato_corrente_FSM_FFd6
    ----------------------------------------
    Total                      2.740ns (1.986ns logic, 0.754ns route)
                                       (72.5% logic, 27.5% route)

=========================================================================
Timing constraint: Default OFFSET OUT AFTER for Clock 'CLK'
  Total number of paths / destination ports: 1 / 1
-------------------------------------------------------------------------
Offset:              4.040ns (Levels of Logic = 1)
  Source:            cnt_10_is/div (FF)
  Destination:       stop (PAD)
  Source Clock:      CLK rising

  Data Path: cnt_10_is/div to stop
                                Gate     Net
    Cell:in->out      fanout   Delay   Delay  Logical Name (Net Name)
    ----------------------------------------  ------------
     FDCE:C->Q             1   0.514   0.357  cnt_10_is/div (cnt_10_is/div)
     OBUF:I->O                 3.169          stop_OBUF (stop)
    ----------------------------------------
    Total                      4.040ns (3.683ns logic, 0.357ns route)
                                       (91.2% logic, 8.8% route)

=========================================================================


Total REAL time to Xst completion: 11.00 secs
Total CPU time to Xst completion: 7.23 secs
 
--> 


Total memory usage is 614776 kilobytes

Number of errors   :    0 (   0 filtered)
Number of warnings :    1 (   0 filtered)
Number of infos    :    0 (   0 filtered)

